[0.013s] Invoking command in '/home/rafi/Documents/Robotics/Cruizer_bot/dev_ws/src/cruizer_bot/build/cruizer_bot': CMAKE_PREFIX_PATH=/opt/ros/humble /usr/bin/cmake --build /home/rafi/Documents/Robotics/Cruizer_bot/dev_ws/src/cruizer_bot/build/cruizer_bot -- -j8 -l8
[0.066s] Invoked command in '/home/rafi/Documents/Robotics/Cruizer_bot/dev_ws/src/cruizer_bot/build/cruizer_bot' returned '0': CMAKE_PREFIX_PATH=/opt/ros/humble /usr/bin/cmake --build /home/rafi/Documents/Robotics/Cruizer_bot/dev_ws/src/cruizer_bot/build/cruizer_bot -- -j8 -l8
[0.075s] Invoking command in '/home/rafi/Documents/Robotics/Cruizer_bot/dev_ws/src/cruizer_bot/build/cruizer_bot': CMAKE_PREFIX_PATH=/opt/ros/humble /usr/bin/cmake --install /home/rafi/Documents/Robotics/Cruizer_bot/dev_ws/src/cruizer_bot/build/cruizer_bot
[0.085s] -- Install configuration: ""
[0.085s] -- Execute custom install script
[0.085s] -- Up-to-date symlink: /home/rafi/Documents/Robotics/Cruizer_bot/dev_ws/src/cruizer_bot/install/cruizer_bot/share/cruizer_bot/config/empty.yaml
[0.086s] -- Up-to-date symlink: /home/rafi/Documents/Robotics/Cruizer_bot/dev_ws/src/cruizer_bot/install/cruizer_bot/share/cruizer_bot/config/view_bot1.rviz
[0.086s] -- Up-to-date symlink: /home/rafi/Documents/Robotics/Cruizer_bot/dev_ws/src/cruizer_bot/install/cruizer_bot/share/cruizer_bot/description/gazebo_control.xacro
[0.086s] -- Up-to-date symlink: /home/rafi/Documents/Robotics/Cruizer_bot/dev_ws/src/cruizer_bot/install/cruizer_bot/share/cruizer_bot/description/inertial_macros.xacro
[0.086s] -- Up-to-date symlink: /home/rafi/Documents/Robotics/Cruizer_bot/dev_ws/src/cruizer_bot/install/cruizer_bot/share/cruizer_bot/description/robot.urdf.xacro
[0.086s] -- Up-to-date symlink: /home/rafi/Documents/Robotics/Cruizer_bot/dev_ws/src/cruizer_bot/install/cruizer_bot/share/cruizer_bot/description/robot_core.xacro
[0.086s] -- Up-to-date symlink: /home/rafi/Documents/Robotics/Cruizer_bot/dev_ws/src/cruizer_bot/install/cruizer_bot/share/cruizer_bot/launch/launch_sim.launch.py
[0.087s] -- Up-to-date symlink: /home/rafi/Documents/Robotics/Cruizer_bot/dev_ws/src/cruizer_bot/install/cruizer_bot/share/cruizer_bot/launch/rsp.launch.py
[0.087s] -- Up-to-date symlink: /home/rafi/Documents/Robotics/Cruizer_bot/dev_ws/src/cruizer_bot/install/cruizer_bot/share/cruizer_bot/worlds/empty.world
[0.087s] -- Up-to-date symlink: /home/rafi/Documents/Robotics/Cruizer_bot/dev_ws/src/cruizer_bot/install/cruizer_bot/share/ament_index/resource_index/package_run_dependencies/cruizer_bot
[0.087s] -- Up-to-date symlink: /home/rafi/Documents/Robotics/Cruizer_bot/dev_ws/src/cruizer_bot/install/cruizer_bot/share/ament_index/resource_index/parent_prefix_path/cruizer_bot
[0.087s] -- Up-to-date symlink: /home/rafi/Documents/Robotics/Cruizer_bot/dev_ws/src/cruizer_bot/install/cruizer_bot/share/cruizer_bot/environment/ament_prefix_path.sh
[0.088s] -- Up-to-date symlink: /home/rafi/Documents/Robotics/Cruizer_bot/dev_ws/src/cruizer_bot/install/cruizer_bot/share/cruizer_bot/environment/ament_prefix_path.dsv
[0.088s] -- Up-to-date symlink: /home/rafi/Documents/Robotics/Cruizer_bot/dev_ws/src/cruizer_bot/install/cruizer_bot/share/cruizer_bot/environment/path.sh
[0.088s] -- Up-to-date symlink: /home/rafi/Documents/Robotics/Cruizer_bot/dev_ws/src/cruizer_bot/install/cruizer_bot/share/cruizer_bot/environment/path.dsv
[0.088s] -- Up-to-date symlink: /home/rafi/Documents/Robotics/Cruizer_bot/dev_ws/src/cruizer_bot/install/cruizer_bot/share/cruizer_bot/local_setup.bash
[0.088s] -- Up-to-date symlink: /home/rafi/Documents/Robotics/Cruizer_bot/dev_ws/src/cruizer_bot/install/cruizer_bot/share/cruizer_bot/local_setup.sh
[0.088s] -- Up-to-date symlink: /home/rafi/Documents/Robotics/Cruizer_bot/dev_ws/src/cruizer_bot/install/cruizer_bot/share/cruizer_bot/local_setup.zsh
[0.089s] -- Up-to-date symlink: /home/rafi/Documents/Robotics/Cruizer_bot/dev_ws/src/cruizer_bot/install/cruizer_bot/share/cruizer_bot/local_setup.dsv
[0.089s] -- Symlinking: /home/rafi/Documents/Robotics/Cruizer_bot/dev_ws/src/cruizer_bot/install/cruizer_bot/share/cruizer_bot/package.dsv
[0.100s] -- Up-to-date symlink: /home/rafi/Documents/Robotics/Cruizer_bot/dev_ws/src/cruizer_bot/install/cruizer_bot/share/ament_index/resource_index/packages/cruizer_bot
[0.100s] -- Up-to-date symlink: /home/rafi/Documents/Robotics/Cruizer_bot/dev_ws/src/cruizer_bot/install/cruizer_bot/share/cruizer_bot/cmake/cruizer_botConfig.cmake
[0.100s] -- Up-to-date symlink: /home/rafi/Documents/Robotics/Cruizer_bot/dev_ws/src/cruizer_bot/install/cruizer_bot/share/cruizer_bot/cmake/cruizer_botConfig-version.cmake
[0.100s] -- Up-to-date symlink: /home/rafi/Documents/Robotics/Cruizer_bot/dev_ws/src/cruizer_bot/install/cruizer_bot/share/cruizer_bot/package.xml
[0.102s] Invoked command in '/home/rafi/Documents/Robotics/Cruizer_bot/dev_ws/src/cruizer_bot/build/cruizer_bot' returned '0': CMAKE_PREFIX_PATH=/opt/ros/humble /usr/bin/cmake --install /home/rafi/Documents/Robotics/Cruizer_bot/dev_ws/src/cruizer_bot/build/cruizer_bot
