[0.118s] DEBUG:colcon:Command line arguments: ['/usr/bin/colcon', 'build', '--symlink-install']
[0.118s] DEBUG:colcon:Parsed command line arguments: Namespace(log_base=None, log_level=None, verb_name='build', build_base='build', install_base='install', merge_install=False, symlink_install=True, test_result_base=None, continue_on_error=False, executor='parallel', parallel_workers=8, event_handlers=None, ignore_user_meta=False, metas=['./colcon.meta'], base_paths=['.'], packages_ignore=None, packages_ignore_regex=None, paths=None, packages_up_to=None, packages_up_to_regex=None, packages_above=None, packages_above_and_dependencies=None, packages_above_depth=None, packages_select_by_dep=None, packages_skip_by_dep=None, packages_skip_up_to=None, packages_select_build_failed=False, packages_skip_build_finished=False, packages_select_test_failures=False, packages_skip_test_passed=False, packages_select=None, packages_skip=None, packages_select_regex=None, packages_skip_regex=None, packages_start=None, packages_end=None, allow_overriding=[], cmake_args=None, cmake_target=None, cmake_target_skip_unavailable=False, cmake_clean_cache=False, cmake_clean_first=False, cmake_force_configure=False, ament_cmake_args=None, catkin_cmake_args=None, catkin_skip_building_tests=False, mixin_files=None, mixin=None, verb_parser=<colcon_mixin.mixin.mixin_argument.MixinArgumentDecorator object at 0x72cdc175a8c0>, verb_extension=<colcon_core.verb.build.BuildVerb object at 0x72cdc175a230>, main=<bound method BuildVerb.main of <colcon_core.verb.build.BuildVerb object at 0x72cdc175a230>>, mixin_verb=('build',))
[0.306s] Level 1:colcon.colcon_core.package_discovery:discover_packages(colcon_meta) check parameters
[0.306s] Level 1:colcon.colcon_core.package_discovery:discover_packages(recursive) check parameters
[0.306s] Level 1:colcon.colcon_core.package_discovery:discover_packages(ignore) check parameters
[0.306s] Level 1:colcon.colcon_core.package_discovery:discover_packages(path) check parameters
[0.306s] Level 1:colcon.colcon_core.package_discovery:discover_packages(colcon_meta) discover
[0.306s] Level 1:colcon.colcon_core.package_discovery:discover_packages(recursive) discover
[0.306s] INFO:colcon.colcon_core.package_discovery:Crawling recursively for packages in '/home/rafi/Documents/Robotics/Cruizer_bot/dev_ws/src/cruizer_bot'
[0.306s] Level 1:colcon.colcon_core.package_identification:_identify(.) by extensions ['ignore', 'ignore_ament_install']
[0.306s] Level 1:colcon.colcon_core.package_identification:_identify(.) by extension 'ignore'
[0.306s] Level 1:colcon.colcon_core.package_identification:_identify(.) by extension 'ignore_ament_install'
[0.307s] Level 1:colcon.colcon_core.package_identification:_identify(.) by extensions ['colcon_pkg']
[0.307s] Level 1:colcon.colcon_core.package_identification:_identify(.) by extension 'colcon_pkg'
[0.307s] Level 1:colcon.colcon_core.package_identification:_identify(.) by extensions ['colcon_meta']
[0.307s] Level 1:colcon.colcon_core.package_identification:_identify(.) by extension 'colcon_meta'
[0.307s] Level 1:colcon.colcon_core.package_identification:_identify(.) by extensions ['ros']
[0.307s] Level 1:colcon.colcon_core.package_identification:_identify(.) by extension 'ros'
[0.319s] DEBUG:colcon.colcon_core.package_identification:Package '.' with type 'ros.ament_cmake' and name 'cruizer_bot'
[0.319s] Level 1:colcon.colcon_core.package_discovery:discover_packages(recursive) using defaults
[0.319s] Level 1:colcon.colcon_core.package_discovery:discover_packages(ignore) discover
[0.319s] Level 1:colcon.colcon_core.package_discovery:discover_packages(ignore) using defaults
[0.319s] Level 1:colcon.colcon_core.package_discovery:discover_packages(path) discover
[0.319s] Level 1:colcon.colcon_core.package_discovery:discover_packages(path) using defaults
[0.347s] Level 1:colcon.colcon_core.package_discovery:discover_packages(prefix_path) check parameters
[0.347s] Level 1:colcon.colcon_core.package_discovery:discover_packages(prefix_path) discover
[0.350s] DEBUG:colcon.colcon_installed_package_information.package_discovery:Found 296 installed packages in /opt/ros/humble
[0.351s] Level 1:colcon.colcon_core.package_discovery:discover_packages(prefix_path) using defaults
[0.387s] Level 5:colcon.colcon_core.verb:set package 'cruizer_bot' build argument 'cmake_args' from command line to 'None'
[0.387s] Level 5:colcon.colcon_core.verb:set package 'cruizer_bot' build argument 'cmake_target' from command line to 'None'
[0.387s] Level 5:colcon.colcon_core.verb:set package 'cruizer_bot' build argument 'cmake_target_skip_unavailable' from command line to 'False'
[0.387s] Level 5:colcon.colcon_core.verb:set package 'cruizer_bot' build argument 'cmake_clean_cache' from command line to 'False'
[0.387s] Level 5:colcon.colcon_core.verb:set package 'cruizer_bot' build argument 'cmake_clean_first' from command line to 'False'
[0.387s] Level 5:colcon.colcon_core.verb:set package 'cruizer_bot' build argument 'cmake_force_configure' from command line to 'False'
[0.387s] Level 5:colcon.colcon_core.verb:set package 'cruizer_bot' build argument 'ament_cmake_args' from command line to 'None'
[0.387s] Level 5:colcon.colcon_core.verb:set package 'cruizer_bot' build argument 'catkin_cmake_args' from command line to 'None'
[0.387s] Level 5:colcon.colcon_core.verb:set package 'cruizer_bot' build argument 'catkin_skip_building_tests' from command line to 'False'
[0.387s] DEBUG:colcon.colcon_core.verb:Building package 'cruizer_bot' with the following arguments: {'ament_cmake_args': None, 'build_base': '/home/rafi/Documents/Robotics/Cruizer_bot/dev_ws/src/cruizer_bot/build/cruizer_bot', 'catkin_cmake_args': None, 'catkin_skip_building_tests': False, 'cmake_args': None, 'cmake_clean_cache': False, 'cmake_clean_first': False, 'cmake_force_configure': False, 'cmake_target': None, 'cmake_target_skip_unavailable': False, 'install_base': '/home/rafi/Documents/Robotics/Cruizer_bot/dev_ws/src/cruizer_bot/install/cruizer_bot', 'merge_install': False, 'path': '/home/rafi/Documents/Robotics/Cruizer_bot/dev_ws/src/cruizer_bot', 'symlink_install': True, 'test_result_base': None}
[0.387s] INFO:colcon.colcon_core.executor:Executing jobs using 'parallel' executor
[0.388s] DEBUG:colcon.colcon_parallel_executor.executor.parallel:run_until_complete
[0.388s] INFO:colcon.colcon_ros.task.ament_cmake.build:Building ROS package in '/home/rafi/Documents/Robotics/Cruizer_bot/dev_ws/src/cruizer_bot' with build type 'ament_cmake'
[0.388s] INFO:colcon.colcon_cmake.task.cmake.build:Building CMake package in '/home/rafi/Documents/Robotics/Cruizer_bot/dev_ws/src/cruizer_bot'
[0.391s] INFO:colcon.colcon_core.plugin_system:Skipping extension 'colcon_core.shell.bat': Not used on non-Windows systems
[0.391s] INFO:colcon.colcon_core.shell:Skip shell extension 'powershell' for command environment: Not usable outside of PowerShell
[0.391s] DEBUG:colcon.colcon_core.shell:Skip shell extension 'dsv' for command environment
[0.401s] DEBUG:colcon.colcon_core.event_handler.log_command:Invoking command in '/home/rafi/Documents/Robotics/Cruizer_bot/dev_ws/src/cruizer_bot/build/cruizer_bot': CMAKE_PREFIX_PATH=/opt/ros/humble /usr/bin/cmake /home/rafi/Documents/Robotics/Cruizer_bot/dev_ws/src/cruizer_bot -DAMENT_CMAKE_SYMLINK_INSTALL=1 -DCMAKE_INSTALL_PREFIX=/home/rafi/Documents/Robotics/Cruizer_bot/dev_ws/src/cruizer_bot/install/cruizer_bot
[1.159s] DEBUG:colcon.colcon_core.event_handler.log_command:Invoked command in '/home/rafi/Documents/Robotics/Cruizer_bot/dev_ws/src/cruizer_bot/build/cruizer_bot' returned '0': CMAKE_PREFIX_PATH=/opt/ros/humble /usr/bin/cmake /home/rafi/Documents/Robotics/Cruizer_bot/dev_ws/src/cruizer_bot -DAMENT_CMAKE_SYMLINK_INSTALL=1 -DCMAKE_INSTALL_PREFIX=/home/rafi/Documents/Robotics/Cruizer_bot/dev_ws/src/cruizer_bot/install/cruizer_bot
[1.160s] DEBUG:colcon.colcon_core.event_handler.log_command:Invoking command in '/home/rafi/Documents/Robotics/Cruizer_bot/dev_ws/src/cruizer_bot/build/cruizer_bot': CMAKE_PREFIX_PATH=/opt/ros/humble /usr/bin/cmake --build /home/rafi/Documents/Robotics/Cruizer_bot/dev_ws/src/cruizer_bot/build/cruizer_bot -- -j8 -l8
[1.193s] DEBUG:colcon.colcon_core.event_handler.log_command:Invoked command in '/home/rafi/Documents/Robotics/Cruizer_bot/dev_ws/src/cruizer_bot/build/cruizer_bot' returned '0': CMAKE_PREFIX_PATH=/opt/ros/humble /usr/bin/cmake --build /home/rafi/Documents/Robotics/Cruizer_bot/dev_ws/src/cruizer_bot/build/cruizer_bot -- -j8 -l8
[1.206s] DEBUG:colcon.colcon_core.event_handler.log_command:Invoking command in '/home/rafi/Documents/Robotics/Cruizer_bot/dev_ws/src/cruizer_bot/build/cruizer_bot': CMAKE_PREFIX_PATH=/opt/ros/humble /usr/bin/cmake --install /home/rafi/Documents/Robotics/Cruizer_bot/dev_ws/src/cruizer_bot/build/cruizer_bot
[1.394s] Level 1:colcon.colcon_core.environment:create_environment_scripts_only(cruizer_bot)
[1.394s] DEBUG:colcon.colcon_core.event_handler.log_command:Invoked command in '/home/rafi/Documents/Robotics/Cruizer_bot/dev_ws/src/cruizer_bot/build/cruizer_bot' returned '0': CMAKE_PREFIX_PATH=/opt/ros/humble /usr/bin/cmake --install /home/rafi/Documents/Robotics/Cruizer_bot/dev_ws/src/cruizer_bot/build/cruizer_bot
[1.405s] Level 1:colcon.colcon_core.environment:checking '/home/rafi/Documents/Robotics/Cruizer_bot/dev_ws/src/cruizer_bot/install/cruizer_bot' for CMake module files
[1.406s] Level 1:colcon.colcon_core.environment:checking '/home/rafi/Documents/Robotics/Cruizer_bot/dev_ws/src/cruizer_bot/install/cruizer_bot' for CMake config files
[1.407s] Level 1:colcon.colcon_core.shell:create_environment_hook('cruizer_bot', 'cmake_prefix_path')
[1.407s] INFO:colcon.colcon_core.shell:Creating environment hook '/home/rafi/Documents/Robotics/Cruizer_bot/dev_ws/src/cruizer_bot/install/cruizer_bot/share/cruizer_bot/hook/cmake_prefix_path.ps1'
[1.408s] INFO:colcon.colcon_core.shell:Creating environment descriptor '/home/rafi/Documents/Robotics/Cruizer_bot/dev_ws/src/cruizer_bot/install/cruizer_bot/share/cruizer_bot/hook/cmake_prefix_path.dsv'
[1.408s] INFO:colcon.colcon_core.shell:Creating environment hook '/home/rafi/Documents/Robotics/Cruizer_bot/dev_ws/src/cruizer_bot/install/cruizer_bot/share/cruizer_bot/hook/cmake_prefix_path.sh'
[1.409s] Level 1:colcon.colcon_core.environment:checking '/home/rafi/Documents/Robotics/Cruizer_bot/dev_ws/src/cruizer_bot/install/cruizer_bot/bin'
[1.409s] Level 1:colcon.colcon_core.environment:checking '/home/rafi/Documents/Robotics/Cruizer_bot/dev_ws/src/cruizer_bot/install/cruizer_bot/lib/pkgconfig/cruizer_bot.pc'
[1.409s] Level 1:colcon.colcon_core.environment:checking '/home/rafi/Documents/Robotics/Cruizer_bot/dev_ws/src/cruizer_bot/install/cruizer_bot/lib/python3.10/site-packages'
[1.410s] Level 1:colcon.colcon_core.environment:checking '/home/rafi/Documents/Robotics/Cruizer_bot/dev_ws/src/cruizer_bot/install/cruizer_bot/bin'
[1.410s] INFO:colcon.colcon_core.shell:Creating package script '/home/rafi/Documents/Robotics/Cruizer_bot/dev_ws/src/cruizer_bot/install/cruizer_bot/share/cruizer_bot/package.ps1'
[1.411s] INFO:colcon.colcon_core.shell:Creating package descriptor '/home/rafi/Documents/Robotics/Cruizer_bot/dev_ws/src/cruizer_bot/install/cruizer_bot/share/cruizer_bot/package.dsv'
[1.411s] INFO:colcon.colcon_core.shell:Creating package script '/home/rafi/Documents/Robotics/Cruizer_bot/dev_ws/src/cruizer_bot/install/cruizer_bot/share/cruizer_bot/package.sh'
[1.412s] INFO:colcon.colcon_core.shell:Creating package script '/home/rafi/Documents/Robotics/Cruizer_bot/dev_ws/src/cruizer_bot/install/cruizer_bot/share/cruizer_bot/package.bash'
[1.413s] INFO:colcon.colcon_core.shell:Creating package script '/home/rafi/Documents/Robotics/Cruizer_bot/dev_ws/src/cruizer_bot/install/cruizer_bot/share/cruizer_bot/package.zsh'
[1.413s] Level 1:colcon.colcon_core.environment:create_file_with_runtime_dependencies(/home/rafi/Documents/Robotics/Cruizer_bot/dev_ws/src/cruizer_bot/install/cruizer_bot/share/colcon-core/packages/cruizer_bot)
[1.414s] Level 1:colcon.colcon_core.environment:create_environment_scripts_only(cruizer_bot)
[1.414s] Level 1:colcon.colcon_core.environment:checking '/home/rafi/Documents/Robotics/Cruizer_bot/dev_ws/src/cruizer_bot/install/cruizer_bot' for CMake module files
[1.415s] Level 1:colcon.colcon_core.environment:checking '/home/rafi/Documents/Robotics/Cruizer_bot/dev_ws/src/cruizer_bot/install/cruizer_bot' for CMake config files
[1.415s] Level 1:colcon.colcon_core.shell:create_environment_hook('cruizer_bot', 'cmake_prefix_path')
[1.415s] INFO:colcon.colcon_core.shell:Creating environment hook '/home/rafi/Documents/Robotics/Cruizer_bot/dev_ws/src/cruizer_bot/install/cruizer_bot/share/cruizer_bot/hook/cmake_prefix_path.ps1'
[1.416s] INFO:colcon.colcon_core.shell:Creating environment descriptor '/home/rafi/Documents/Robotics/Cruizer_bot/dev_ws/src/cruizer_bot/install/cruizer_bot/share/cruizer_bot/hook/cmake_prefix_path.dsv'
[1.416s] INFO:colcon.colcon_core.shell:Creating environment hook '/home/rafi/Documents/Robotics/Cruizer_bot/dev_ws/src/cruizer_bot/install/cruizer_bot/share/cruizer_bot/hook/cmake_prefix_path.sh'
[1.416s] Level 1:colcon.colcon_core.environment:checking '/home/rafi/Documents/Robotics/Cruizer_bot/dev_ws/src/cruizer_bot/install/cruizer_bot/bin'
[1.416s] Level 1:colcon.colcon_core.environment:checking '/home/rafi/Documents/Robotics/Cruizer_bot/dev_ws/src/cruizer_bot/install/cruizer_bot/lib/pkgconfig/cruizer_bot.pc'
[1.417s] Level 1:colcon.colcon_core.environment:checking '/home/rafi/Documents/Robotics/Cruizer_bot/dev_ws/src/cruizer_bot/install/cruizer_bot/lib/python3.10/site-packages'
[1.417s] Level 1:colcon.colcon_core.environment:checking '/home/rafi/Documents/Robotics/Cruizer_bot/dev_ws/src/cruizer_bot/install/cruizer_bot/bin'
[1.417s] INFO:colcon.colcon_core.shell:Creating package script '/home/rafi/Documents/Robotics/Cruizer_bot/dev_ws/src/cruizer_bot/install/cruizer_bot/share/cruizer_bot/package.ps1'
[1.418s] INFO:colcon.colcon_core.shell:Creating package descriptor '/home/rafi/Documents/Robotics/Cruizer_bot/dev_ws/src/cruizer_bot/install/cruizer_bot/share/cruizer_bot/package.dsv'
[1.418s] INFO:colcon.colcon_core.shell:Creating package script '/home/rafi/Documents/Robotics/Cruizer_bot/dev_ws/src/cruizer_bot/install/cruizer_bot/share/cruizer_bot/package.sh'
[1.418s] INFO:colcon.colcon_core.shell:Creating package script '/home/rafi/Documents/Robotics/Cruizer_bot/dev_ws/src/cruizer_bot/install/cruizer_bot/share/cruizer_bot/package.bash'
[1.419s] INFO:colcon.colcon_core.shell:Creating package script '/home/rafi/Documents/Robotics/Cruizer_bot/dev_ws/src/cruizer_bot/install/cruizer_bot/share/cruizer_bot/package.zsh'
[1.419s] Level 1:colcon.colcon_core.environment:create_file_with_runtime_dependencies(/home/rafi/Documents/Robotics/Cruizer_bot/dev_ws/src/cruizer_bot/install/cruizer_bot/share/colcon-core/packages/cruizer_bot)
[1.419s] DEBUG:colcon.colcon_parallel_executor.executor.parallel:closing loop
[1.419s] DEBUG:colcon.colcon_parallel_executor.executor.parallel:loop closed
[1.419s] DEBUG:colcon.colcon_parallel_executor.executor.parallel:run_until_complete finished with '0'
[1.419s] DEBUG:colcon.colcon_core.event_reactor:joining thread
[1.425s] INFO:colcon.colcon_core.plugin_system:Skipping extension 'colcon_notification.desktop_notification.terminal_notifier': Not used on non-Darwin systems
[1.425s] INFO:colcon.colcon_core.plugin_system:Skipping extension 'colcon_notification.desktop_notification.win32': Not used on non-Windows systems
[1.425s] INFO:colcon.colcon_notification.desktop_notification:Sending desktop notification using 'notify2'
[1.434s] DEBUG:colcon.colcon_core.event_reactor:joined thread
[1.434s] INFO:colcon.colcon_core.shell:Creating prefix script '/home/rafi/Documents/Robotics/Cruizer_bot/dev_ws/src/cruizer_bot/install/local_setup.ps1'
[1.436s] INFO:colcon.colcon_core.shell:Creating prefix util module '/home/rafi/Documents/Robotics/Cruizer_bot/dev_ws/src/cruizer_bot/install/_local_setup_util_ps1.py'
[1.438s] INFO:colcon.colcon_core.shell:Creating prefix chain script '/home/rafi/Documents/Robotics/Cruizer_bot/dev_ws/src/cruizer_bot/install/setup.ps1'
[1.439s] INFO:colcon.colcon_core.shell:Creating prefix script '/home/rafi/Documents/Robotics/Cruizer_bot/dev_ws/src/cruizer_bot/install/local_setup.sh'
[1.439s] INFO:colcon.colcon_core.shell:Creating prefix util module '/home/rafi/Documents/Robotics/Cruizer_bot/dev_ws/src/cruizer_bot/install/_local_setup_util_sh.py'
[1.440s] INFO:colcon.colcon_core.shell:Creating prefix chain script '/home/rafi/Documents/Robotics/Cruizer_bot/dev_ws/src/cruizer_bot/install/setup.sh'
[1.441s] INFO:colcon.colcon_core.shell:Creating prefix script '/home/rafi/Documents/Robotics/Cruizer_bot/dev_ws/src/cruizer_bot/install/local_setup.bash'
[1.441s] INFO:colcon.colcon_core.shell:Creating prefix chain script '/home/rafi/Documents/Robotics/Cruizer_bot/dev_ws/src/cruizer_bot/install/setup.bash'
[1.442s] INFO:colcon.colcon_core.shell:Creating prefix script '/home/rafi/Documents/Robotics/Cruizer_bot/dev_ws/src/cruizer_bot/install/local_setup.zsh'
[1.443s] INFO:colcon.colcon_core.shell:Creating prefix chain script '/home/rafi/Documents/Robotics/Cruizer_bot/dev_ws/src/cruizer_bot/install/setup.zsh'
